<?xml version="1.0" encoding="UTF-8"?><testsuite errors="0" failures="1" name="Technical challenge" skipped="0" tests="1" time="107.0" timestamp="2021-05-11 01:37:35"><testcase name="Search page to create user in uTest"><failure message="Expected enabled element was not enabled" type="net.thucydides.core.webdriver.exceptions.ElementShouldBeEnabledException">Expected enabled element was not enabled</failure><system-err>Expected enabled element was not enabled&#13;
co.com.choucair.retotecnicoauto.tasks.FillOutForm.performAs(FillOutForm.java:36)&#13;
co.com.choucair.retotecnicoauto.stepdefinitions.RetoTecnicoAuto.sheManagerToRegister(RetoTecnicoAuto.java:36)&#13;
cucumber.runner.Runner.runPickle(Runner.java:80)&#13;
</system-err></testcase></testsuite>